==================
1980_10_c24
==================
(c:\pa\8.13.2-adjdanube_24itp_omr_pa_pqs_swc_90_coupdate\run\deliverylogic\swp\allocation\carryover_allocation.wresl:68)1980/10/31 cycle 24 (gw_initial), co_req_1 in svar definition: swp_co_acfc at timestep 3 doesn't have value
(c:\pa\8.13.2-adjdanube_24itp_omr_pa_pqs_swc_90_coupdate\run\deliverylogic\swp\allocation\carryover_allocation.wresl:82)1980/10/31 cycle 24 (gw_initial), co_req_2 in svar definition: swp_co_acwd at timestep 3 doesn't have value
(c:\pa\8.13.2-adjdanube_24itp_omr_pa_pqs_swc_90_coupdate\run\deliverylogic\swp\allocation\carryover_allocation.wresl:83)1980/10/31 cycle 24 (gw_initial), co_req_3 in svar definition: swp_co_avek at timestep 3 doesn't have value
(c:\pa\8.13.2-adjdanube_24itp_omr_pa_pqs_swc_90_coupdate\run\deliverylogic\swp\allocation\carryover_allocation.wresl:84)1980/10/31 cycle 24 (gw_initial), co_req_4 in svar definition: swp_co_clwa1 at timestep 3 doesn't have value
(c:\pa\8.13.2-adjdanube_24itp_omr_pa_pqs_swc_90_coupdate\run\deliverylogic\swp\allocation\carryover_allocation.wresl:85)1980/10/31 cycle 24 (gw_initial), co_req_5 in svar definition: swp_co_yuba at timestep 3 doesn't have value
(c:\pa\8.13.2-adjdanube_24itp_omr_pa_pqs_swc_90_coupdate\run\deliverylogic\swp\allocation\carryover_allocation.wresl:86)1980/10/31 cycle 24 (gw_initial), co_req_6 in svar definition: swp_co_cvwd at timestep 3 doesn't have value
(c:\pa\8.13.2-adjdanube_24itp_omr_pa_pqs_swc_90_coupdate\run\deliverylogic\swp\allocation\carryover_allocation.wresl:87)1980/10/31 cycle 24 (gw_initial), co_req_7 in svar definition: swp_co_butte at timestep 3 doesn't have value
(c:\pa\8.13.2-adjdanube_24itp_omr_pa_pqs_swc_90_coupdate\run\deliverylogic\swp\allocation\carryover_allocation.wresl:88)1980/10/31 cycle 24 (gw_initial), co_req_8 in svar definition: swp_co_kings at timestep 3 doesn't have value
(c:\pa\8.13.2-adjdanube_24itp_omr_pa_pqs_swc_90_coupdate\run\deliverylogic\swp\allocation\carryover_allocation.wresl:89)1980/10/31 cycle 24 (gw_initial), co_req_9 in svar definition: swp_co_cla at timestep 3 doesn't have value
(c:\pa\8.13.2-adjdanube_24itp_omr_pa_pqs_swc_90_coupdate\run\deliverylogic\swp\allocation\carryover_allocation.wresl:90)1980/10/31 cycle 24 (gw_initial), co_req_10 in svar definition: swp_co_desert at timestep 3 doesn't have value
(c:\pa\8.13.2-adjdanube_24itp_omr_pa_pqs_swc_90_coupdate\run\deliverylogic\swp\allocation\carryover_allocation.wresl:91)1980/10/31 cycle 24 (gw_initial), co_req_11 in svar definition: swp_co_dudley at timestep 3 doesn't have value
(c:\pa\8.13.2-adjdanube_24itp_omr_pa_pqs_swc_90_coupdate\run\deliverylogic\swp\allocation\carryover_allocation.wresl:92)1980/10/31 cycle 24 (gw_initial), co_req_12 in svar definition: swp_co_empire at timestep 3 doesn't have value
(c:\pa\8.13.2-adjdanube_24itp_omr_pa_pqs_swc_90_coupdate\run\deliverylogic\swp\allocation\carryover_allocation.wresl:93)1980/10/31 cycle 24 (gw_initial), co_req_13 in svar definition: swp_co_kern at timestep 3 doesn't have value
(c:\pa\8.13.2-adjdanube_24itp_omr_pa_pqs_swc_90_coupdate\run\deliverylogic\swp\allocation\carryover_allocation.wresl:94)1980/10/31 cycle 24 (gw_initial), co_req_14 in svar definition: swp_co_lcid at timestep 3 doesn't have value
(c:\pa\8.13.2-adjdanube_24itp_omr_pa_pqs_swc_90_coupdate\run\deliverylogic\swp\allocation\carryover_allocation.wresl:95)1980/10/31 cycle 24 (gw_initial), co_req_15 in svar definition: swp_co_mwd at timestep 3 doesn't have value
(c:\pa\8.13.2-adjdanube_24itp_omr_pa_pqs_swc_90_coupdate\run\deliverylogic\swp\allocation\carryover_allocation.wresl:96)1980/10/31 cycle 24 (gw_initial), co_req_16 in svar definition: swp_co_mwa at timestep 3 doesn't have value
(c:\pa\8.13.2-adjdanube_24itp_omr_pa_pqs_swc_90_coupdate\run\deliverylogic\swp\allocation\carryover_allocation.wresl:97)1980/10/31 cycle 24 (gw_initial), co_req_17 in svar definition: swp_co_napa at timestep 3 doesn't have value
(c:\pa\8.13.2-adjdanube_24itp_omr_pa_pqs_swc_90_coupdate\run\deliverylogic\swp\allocation\carryover_allocation.wresl:98)1980/10/31 cycle 24 (gw_initial), co_req_18 in svar definition: swp_co_oak at timestep 3 doesn't have value
(c:\pa\8.13.2-adjdanube_24itp_omr_pa_pqs_swc_90_coupdate\run\deliverylogic\swp\allocation\carryover_allocation.wresl:99)1980/10/31 cycle 24 (gw_initial), co_req_19 in svar definition: swp_co_pwd at timestep 3 doesn't have value
(c:\pa\8.13.2-adjdanube_24itp_omr_pa_pqs_swc_90_coupdate\run\deliverylogic\swp\allocation\carryover_allocation.wresl:100)1980/10/31 cycle 24 (gw_initial), co_req_20 in svar definition: swp_co_sbv at timestep 3 doesn't have value
(c:\pa\8.13.2-adjdanube_24itp_omr_pa_pqs_swc_90_coupdate\run\deliverylogic\swp\allocation\carryover_allocation.wresl:101)1980/10/31 cycle 24 (gw_initial), co_req_21 in svar definition: swp_co_sgv at timestep 3 doesn't have value
(c:\pa\8.13.2-adjdanube_24itp_omr_pa_pqs_swc_90_coupdate\run\deliverylogic\swp\allocation\carryover_allocation.wresl:102)1980/10/31 cycle 24 (gw_initial), co_req_22 in svar definition: swp_co_sgp at timestep 3 doesn't have value
(c:\pa\8.13.2-adjdanube_24itp_omr_pa_pqs_swc_90_coupdate\run\deliverylogic\swp\allocation\carryover_allocation.wresl:103)1980/10/31 cycle 24 (gw_initial), co_req_23 in svar definition: swp_co_slo at timestep 3 doesn't have value
(c:\pa\8.13.2-adjdanube_24itp_omr_pa_pqs_swc_90_coupdate\run\deliverylogic\swp\allocation\carryover_allocation.wresl:104)1980/10/31 cycle 24 (gw_initial), co_req_24 in svar definition: swp_co_sb at timestep 3 doesn't have value
(c:\pa\8.13.2-adjdanube_24itp_omr_pa_pqs_swc_90_coupdate\run\deliverylogic\swp\allocation\carryover_allocation.wresl:105)1980/10/31 cycle 24 (gw_initial), co_req_25 in svar definition: swp_co_scv at timestep 3 doesn't have value
(c:\pa\8.13.2-adjdanube_24itp_omr_pa_pqs_swc_90_coupdate\run\deliverylogic\swp\allocation\carryover_allocation.wresl:106)1980/10/31 cycle 24 (gw_initial), co_req_26 in svar definition: swp_co_solano at timestep 3 doesn't have value
(c:\pa\8.13.2-adjdanube_24itp_omr_pa_pqs_swc_90_coupdate\run\deliverylogic\swp\allocation\carryover_allocation.wresl:107)1980/10/31 cycle 24 (gw_initial), co_req_27 in svar definition: swp_co_tulare at timestep 3 doesn't have value
(c:\pa\8.13.2-adjdanube_24itp_omr_pa_pqs_swc_90_coupdate\run\deliverylogic\swp\allocation\carryover_allocation.wresl:108)1980/10/31 cycle 24 (gw_initial), co_req_28 in svar definition: swp_co_vc at timestep 3 doesn't have value
(c:\pa\8.13.2-adjdanube_24itp_omr_pa_pqs_swc_90_coupdate\run\deliverylogic\swp\allocation\carryover_allocation.wresl:110)1980/10/31 cycle 24 (gw_initial), co_req_30 in svar definition: swp_co_clwa2 at timestep 3 doesn't have value
