wrims2 revision:: null
jCbc dll name:: jCbc
cbcViolationCheck =false
lowerBoundZero_check =1.0E-6
cbcSolutionRounding =true
cbc2021 =true
cbc2021a =true
jCbc version:: 2.9.9.2pre9b (Dec 28 2021)
cbcWhsScaling =true
cbcWhsSafe =false
1980_01_c24:  Solve_c__ infeasible. Use callCbcR.
CbcTolerancePrimal: 1.0E-9
CbcTolerancePrimalRelax: 1.0E-7
CbcToleranceInteger: 1.0E-9
CbcToleranceIntegercheck: 1.0E-8
CbcToleranceWarmPrimal: 1.0E-9
CbcToleranceZero: 1.0E-11
CbcHintTimeMax: 100
CbcHintRelaxPenalty: 9000.0
CbcSolutionRounding: true
Finding constraints that cause infeasibility...
Infeasibility analysis ended.
The following constraints might cause infeasibility.
(c:\pa\8.13.2-adjdanube_24itp_omr_pa_pqs_swc_90_coupdate\run\deliverylogic\swp\allocation\carryover_allocation.wresl:383) set_co_dv_22:  co_dv_22 = -3.100120325132466
(c:\pa\8.13.2-adjdanube_24itp_omr_pa_pqs_swc_90_coupdate\run\deliverylogic\swp\deliveries\swp_bound_del.wresl:172) maxdeld_esb420_grgno_pco:  d_esb420_grgno_pco < -2.5209311785337993
