wrims2 revision:: 3748.65e7aeeee.master-dirty.2024-05-02.15:46:38
jCbc dll name:: jCbc
cbcViolationCheck =false
lowerBoundZero_check =1.0E-6
cbcSolutionRounding =true
cbc2021 =true
cbc2021a =true
jCbc version:: 2.9.9.2pre9b (Dec 28 2021)
cbcWhsScaling =true
cbcWhsSafe =false
1982_04_c04:  Solve_c__ infeasible. Use callCbcR.
CbcTolerancePrimal: 1.0E-9
CbcTolerancePrimalRelax: 1.0E-7
CbcToleranceInteger: 1.0E-9
CbcToleranceIntegercheck: 1.0E-8
CbcToleranceWarmPrimal: 1.0E-9
CbcToleranceZero: 1.0E-11
CbcHintTimeMax: 100
CbcHintRelaxPenalty: 9000.0
CbcSolutionRounding: true
Finding constraints that cause infeasibility...
Infeasibility analysis ended.
The following constraints might cause infeasibility.
(c:\pa\8.13.2-adjdanube_24itp_omr_pa_pqs_swc_90_coupdate\run\system\systemtables_upperfeather\arcs-minflows.wresl:24) setorovillefnf_updatemarchdv:  orovillefnf_updatemarchdv = -9999
(c:\pa\8.13.2-adjdanube_24itp_omr_pa_pqs_swc_90_coupdate\run\system\systemtables_upperfeather\arcs-minflows.wresl:184) setorovillefnf_westfeathdv:  orovillefnf_westfeathdv = -9999
(c:\pa\8.13.2-adjdanube_24itp_omr_pa_pqs_swc_90_coupdate\run\system\systemtables_upperfeather\arcs-minflows.wresl:362) setorovillefnf_wydv:  orovillefnf_wydv = -9999
(c:\pa\8.13.2-adjdanube_24itp_omr_pa_pqs_swc_90_coupdate\run\northofdelta\upperfeather\slatecreekdiversion.wresl:54) set_nbbcuminflowdv:  nbbcuminflowdv = -9267.685128462934
(c:\pa\8.13.2-adjdanube_24itp_omr_pa_pqs_swc_90_coupdate\run\northofdelta\upperfeather\slatecreekdiversion.wresl:77) set_nbbcuminflow2dv:  nbbcuminflow2dv = -9269.271905322332
(c:\pa\8.13.2-adjdanube_24itp_omr_pa_pqs_swc_90_coupdate\run\northofdelta\upperfeather\slatecreekdiversion.wresl:102) set_slatecreekcumdsdv:  slatecreekcumdsdv = -10613.814545413896
