1981_05_c02: -0.0
1981_05_c03: -0.0
1981_05_c04: 2.205485748473258E10
1981_05_c05: 5.488959508765635E8
1981_05_c06: 2.4818118038231254E9
1981_05_c07: 7.59510896178756E7
1981_05_c08: 8.685876420500573E8
1981_05_c11: 8.655901161886021E7
1981_05_c12: 5.620903015908046E8
1981_05_c13: 5.620903015908046E8
1981_05_c14: 1.468589050798779E10
1981_05_c15: 1.467334126977731E10
1981_05_c16: 1.4682706805168222E10
1981_05_c17: 1.4681286557053303E10
1981_05_c18: 1.4681313617903532E10
1981_05_c19: 1.4682432275993895E10
1981_05_c20: 1.4760459750227213E10
1981_05_c21: 1.476045975022721E10
1981_05_c22: -6.4857536963933066E7
1981_05_c23: -6.505222163786747E7
1981_05_c24: 1.6324472289012827E10
1981_05_c25: 1.6330012663597446E10
1981_05_c26: 1.6330078269708117E10
1981_05_c27: 1.6330106554886818E10
1981_05_c28: 1.6330141056144928E10
1981_05_c29: 1.6323000219137157E10
1981_05_c30: 1.6330141056144928E10
1981_05_c31: 1.6330141056144949E10
1981_05_c32: 1.6330141056144949E10
1981_05_c33: 1.632801241372852E10
1981_05_c34: 1.6328012413728521E10
1981_05_c35: 1.6328012413728456E10
1981_05_c36: 1.6328012413728521E10
1981_05_c37: 1.6328012413728521E10
1981_05_c38: 1.6323989348463507E10
1981_06_c03: -0.0
1981_06_c04: 2.2757244227362255E10
1981_06_c05: 5.628778959126451E8
1981_06_c06: 2.543162728820557E9
1981_06_c07: 1.3534705767369965E8
1981_06_c08: 8.558602505046313E8
1981_06_c11: 7.46216854004634E7
1981_06_c12: 5.68674770800438E8
1981_06_c13: 5.686747708004382E8
1981_06_c14: 1.5639981865368446E10
1981_06_c15: 1.5638997747388088E10
1981_06_c16: 1.5641343839992054E10
1981_06_c17: 1.5641435227017805E10
1981_06_c18: 1.5641364559914286E10
1981_06_c19: 1.5641767051747215E10
1981_06_c24: 1.7508370955696728E10
1981_06_c25: 1.750523069209674E10
1981_06_c26: 1.750489936260354E10
1981_06_c27: 1.75048489501401E10
1981_06_c28: 1.750484761899573E10
1981_06_c29: 1.7483552057272583E10
1981_06_c30: 1.750484761899573E10
1981_06_c31: 1.750484761899573E10
1981_06_c32: 1.750484761899573E10
1981_06_c33: 1.7498268191435837E10
1981_06_c34: 1.7498268191435837E10
1981_06_c35: 1.7498268191435833E10
1981_06_c36: 1.7498268191435867E10
1981_06_c37: 1.7498268191435867E10
1981_06_c38: 1.7498268191435913E10
1981_07_c03: -0.0
1981_07_c04: 2.1951165806251484E10
1981_07_c05: 5.248910692629302E8
1981_07_c06: 2.4346998196100535E9
1981_07_c07: 1.2594559084359266E8
1981_07_c08: 6.204480533828251E8
1981_07_c11: 6.931594154482089E7
1981_07_c12: 5.159544532435903E8
1981_07_c13: 5.159544532435903E8
1981_07_c14: 1.516026586751785E10
1981_07_c15: 1.5047549792622631E10
1981_07_c16: 1.5045293002917753E10
1981_07_c17: 1.5044630935455877E10
1981_07_c18: 1.5044434553372906E10
1981_07_c19: 1.5044928391385038E10
1981_07_c24: 1.6975147978005844E10
1981_07_c25: 1.695627074032996E10
1981_07_c26: 1.6954614987971148E10
1981_07_c27: 1.6954633752942106E10
1981_07_c28: 1.6954737335191631E10
1981_07_c29: 1.69268211575891E10
1981_07_c30: 1.6954737335191631E10
1981_07_c31: 1.6954737335191635E10
1981_07_c32: 1.6954737335191635E10
1981_07_c33: 1.6954957969016611E10
1981_07_c34: 1.6954957969016611E10
1981_07_c35: 1.6954986184033258E10
1981_07_c36: 1.6954986184033197E10
1981_07_c37: 1.6954986184033195E10
1981_07_c38: 1.695498618403333E10
1981_08_c03: -0.0
1981_08_c04: 2.185160440472673E10
1981_08_c05: 4.811818953982209E8
1981_08_c06: 2.416056074352766E9
1981_08_c07: 1.2005390988177176E8
1981_08_c08: 4.8791691101223665E8
1981_08_c11: 6.738124007013638E7
1981_08_c12: 5.0998190735551393E8
1981_08_c13: 5.0998190735551393E8
1981_08_c14: 1.4781009751541363E10
1981_08_c15: 1.4694305759335527E10
1981_08_c16: 1.46925670560583E10
1981_08_c17: 1.4692313864388771E10
1981_08_c18: 1.4692010161860258E10
1981_08_c19: 1.4692122379682346E10
1981_08_c24: 1.648070338632254E10
1981_08_c25: 1.6480021191946566E10
1981_08_c26: 1.647986853549401E10
1981_08_c27: 1.647984188961908E10
1981_08_c28: 1.6479856053040579E10
1981_08_c29: 1.6444194322058567E10
1981_08_c30: 1.6479856053040579E10
1981_08_c31: 1.6479856053040586E10
1981_08_c32: 1.6488258954212622E10
1981_08_c33: 1.6488455278178526E10
1981_08_c34: 1.6488455278178524E10
1981_08_c35: 1.6487801050251835E10
1981_08_c36: 1.6487801050251894E10
1981_08_c37: 1.6487801050251894E10
1981_08_c38: 1.648780105025188E10
1981_09_c03: -0.0
1981_09_c04: 2.2494704379085526E10
1981_09_c05: 4.625414397945631E8
1981_09_c06: 2.487065523923127E9
1981_09_c07: 5.935375021565355E7
1981_09_c08: 4.0858283389284486E8
1981_09_c11: 6.354960814564024E7
1981_09_c12: 4.995200268313882E8
1981_09_c13: 4.995200268313881E8
1981_09_c14: 1.4477478327238802E10
1981_09_c15: 1.445781445400992E10
1981_09_c16: 1.4456155265457966E10
1981_09_c17: 1.4456169142683725E10
1981_09_c18: 1.445572268533002E10
1981_09_c19: 1.4454665555861448E10
1981_09_c24: 1.6029878919550247E10
1981_09_c25: 1.6029360260275614E10
1981_09_c26: 1.6029251876405193E10
1981_09_c27: 1.6029261202514662E10
1981_09_c28: 1.6029248901180532E10
1981_09_c29: 1.6016875142253046E10
1981_09_c30: 1.602924971516683E10
1981_09_c31: 1.6029249715166838E10
1981_09_c32: 1.6066463025743444E10
1981_09_c33: 1.6067216318301828E10
1981_09_c34: 1.6067216318301828E10
1981_09_c35: 1.6067500011225601E10
1981_09_c36: 1.6067500011225832E10
1981_09_c37: 1.606750001122584E10
1981_09_c38: 1.6067500011225817E10
1981_10_c03: -0.0
1981_10_c04: 2.170382338302006E10
1981_10_c05: 3.634067003892687E8
1981_10_c06: 2.404293574097498E9
1981_10_c07: 5.374402935274524E7
1981_10_c08: 3.305016996621841E8
1981_10_c11: 6.02513135054845E7
1981_10_c12: 4.764162622473674E8
1981_10_c13: 4.764162622473674E8
1981_10_c14: 1.3492987859283358E10
1981_10_c15: 1.33959948442815E10
1981_10_c16: 1.3483937785350456E10
1981_10_c17: 1.3405798842270912E10
1981_10_c18: 1.3476085196478642E10
1981_10_c19: 1.3473820984140415E10
1981_10_c24: 1.488125990215244E10
1981_10_c25: 1.4881022542088198E10
1981_10_c26: 1.4881681810436075E10
1981_10_c27: 1.4881646111478283E10
1981_10_c28: 1.4881705083771301E10
