1941_01_c02: -0.0
1941_01_c03: -0.0
1941_01_c04: 2.17797927017108E10
1941_01_c05: 3.3729022693321234E8
1941_01_c06: 2.3884094621604304E9
1941_01_c07: 5.705915610331024E7
1941_01_c08: 3.709489177116641E8
1941_01_c11: 6.11941624092222E7
1941_01_c12: 4.8112015067099684E8
1941_01_c13: 4.8112015067099684E8
1941_01_c14: 1.3281037311895042E10
1941_01_c15: 1.3328915369597376E10
1941_01_c16: 1.3335510106782497E10
1941_01_c17: 1.3336793369264029E10
1941_01_c18: 1.3337919500328167E10
1941_01_c19: 1.3337919500328167E10
1941_01_c22: -1.422954380373317E8
1941_01_c23: -1.4333574784107247E8
1941_01_c24: 1.4503394020340187E10
1941_01_c25: 1.4509133113038034E10
1941_01_c26: 1.4508848395881544E10
1941_01_c27: 1.4508860453463171E10
1941_01_c28: 1.450885989981285E10
1941_01_c29: 1.447023285517563E10
1941_01_c30: 1.4490950349254206E10
1941_01_c31: 1.4490950349254206E10
1941_01_c32: 1.4409522339312376E10
1941_01_c33: 1.4397111959177488E10
1941_01_c34: 1.4397111959177488E10
1941_01_c35: 1.4397111959177486E10
1941_01_c36: 1.4397111959177486E10
1941_01_c37: 1.4397111959177486E10
1941_01_c38: 1.4397111959177485E10
1941_02_c02: -0.0
1941_02_c03: -0.0
1941_02_c04: 2.4226410222030743E10
1941_02_c05: 3.7485284257600915E8
1941_02_c06: 2.6210776171818304E9
1941_02_c07: 7.58795102911315E7
1941_02_c08: 4.289225509449849E8
1941_02_c11: 7.298968051956026E7
1941_02_c12: 5.78467862225446E8
1941_02_c13: 5.78467862225446E8
1941_02_c14: 1.5209329417591002E10
1941_02_c15: 1.5235742399022062E10
1941_02_c16: 1.5234671594772264E10
1941_02_c17: 1.5234752844967386E10
1941_02_c18: 1.5234749328979937E10
1941_02_c19: 1.5234749328979937E10
1941_02_c22: -1.1905345873071411E8
1941_02_c23: -1.1952969974706413E8
1941_02_c24: 1.6440248950853462E10
1941_02_c25: 1.643768575703645E10
1941_02_c26: 1.643765856580474E10
1941_02_c27: 1.6437660713320417E10
1941_02_c28: 1.64376606386315E10
1941_02_c29: 1.6345215060781006E10
1941_02_c30: 1.6429547507285212E10
1941_02_c31: 1.6429547507285212E10
1941_02_c32: 1.6369650443748135E10
1941_02_c33: 1.6369200878343832E10
1941_02_c34: 1.6369200878343832E10
1941_02_c35: 1.6369200878343828E10
1941_02_c36: 1.6369200878343828E10
1941_02_c37: 1.636920087834383E10
1941_02_c38: 1.6369200878343822E10
1941_03_c02: -0.0
1941_03_c03: -0.0
1941_03_c04: 2.1930718603949253E10
1941_03_c05: 3.585244737061073E8
1941_03_c06: 2.397888903893932E9
1941_03_c07: 7.384841968111576E7
1941_03_c08: 4.556949167088132E8
1941_03_c11: 6.751582759648347E7
1941_03_c12: 5.2988514343786156E8
1941_03_c13: 5.298851434378615E8
1941_03_c14: 1.4792066297044989E10
1941_03_c15: 1.4786365707359337E10
1941_03_c16: 1.4787012034549685E10
1941_03_c17: 1.4786833829427145E10
1941_03_c18: 1.4786957931079014E10
1941_03_c19: 1.4786957931079014E10
1941_03_c22: -1.0599480081741014E8
1941_03_c23: -1.0636237729283826E8
1941_03_c24: 1.5984188032366304E10
1941_03_c25: 1.5979533354726122E10
1941_03_c26: 1.5979722634722809E10
1941_03_c27: 1.597971703599295E10
1941_03_c28: 1.5979717173098822E10
1941_03_c29: 1.58965440804634E10
1941_03_c30: 1.5972173006593565E10
1941_03_c31: 1.5972173006593565E10
1941_03_c32: 1.5917401474269773E10
1941_03_c33: 1.5917689440501175E10
1941_03_c34: 1.5917689440501175E10
1941_03_c35: 1.5917689440501171E10
1941_03_c36: 1.5917689440501171E10
1941_03_c37: 1.5917689440501171E10
1941_03_c38: 1.5903122255051117E10
1941_04_c02: -0.0
1941_04_c03: -0.0
1941_04_c04: 2.2724712129997845E10
1941_04_c05: 4.0118459514305735E8
1941_04_c06: 3.47552071345668E9
1941_04_c07: 8.12191676126065E7
1941_04_c08: 6.021204301531748E8
1941_04_c11: 7.434815202303447E7
1941_04_c12: 5.490983765718275E8
1941_04_c13: 5.490983765718275E8
1941_04_c14: 1.613722693034648E10
1941_04_c15: 1.6143012610177351E10
1941_04_c16: 1.6142011516791672E10
1941_04_c17: 1.6142150820745415E10
1941_04_c18: 1.6142104768877901E10
1941_04_c19: 1.6141267302211235E10
1941_04_c20: 1.5694564069787638E10
1941_04_c21: 1.5694564069787695E10
1941_04_c22: -7.658552195766355E7
1941_04_c23: -7.737361475041282E7
1941_04_c24: 1.7206090235105408E10
1941_04_c25: 1.7197608974273453E10
1941_04_c26: 1.7197928450432217E10
1941_04_c27: 1.7197919842264248E10
1941_04_c28: 1.719792002046406E10
1941_04_c29: 1.7097671940332626E10
1941_04_c30: 1.7203370457761585E10
1941_04_c31: 1.7203370457761593E10
1941_04_c32: 1.719748494685112E10
1941_04_c33: 1.719778262552575E10
1941_04_c34: 1.719731700307479E10
1941_04_c35: 1.719731700307479E10
1941_04_c36: 1.719731700307479E10
1941_04_c37: 1.719731700307479E10
1941_04_c38: 1.7186440693385242E10
1941_05_c02: -0.0
1941_05_c03: -0.0
1941_05_c04: 2.210481778324544E10
1941_05_c05: 5.279521371005947E8
1941_05_c06: 2.485950167502233E9
1941_05_c07: 9.12282779506121E7
1941_05_c08: 1.0746138392165198E9
1941_05_c11: 9.31198818778691E7
1941_05_c12: 5.67953077973168E8
1941_05_c13: 5.67953077973168E8
1941_05_c14: 1.6271542378083794E10
1941_05_c15: 1.6275014532142475E10
1941_05_c16: 1.6275952034888779E10
1941_05_c17: 1.6276119290607222E10
1941_05_c18: 1.627608987974368E10
1941_05_c19: 1.627608987974368E10
1941_05_c20: 1.6419121385178646E10
1941_05_c21: 1.6419121385178646E10
1941_05_c22: -7.954056752594203E7
1941_05_c23: -8.05594161218833E7
1941_05_c24: 1.806939897181224E10
1941_05_c25: 1.8067561445693672E10
1941_05_c26: 1.806790559550243E10
1941_05_c27: 1.8067817827971767E10
1941_05_c28: 1.806784363148103E10
1941_05_c29: 1.8012764678962162E10
1941_05_c30: 1.807137517927495E10
1941_05_c31: 1.807137517927495E10
1941_05_c32: 1.806970293088786E10
1941_05_c33: 1.8067438823638596E10
1941_05_c34: 1.806722317576906E10
1941_05_c35: 1.806722317576906E10
1941_05_c36: 1.806722317576906E10
1941_05_c37: 1.806722317576906E10
1941_05_c38: 1.8067223175769054E10
1941_06_c03: -0.0
1941_06_c04: 2.2790825831087536E10
1941_06_c05: 5.795826452453974E8
1941_06_c06: 2.5650946033898177E9
1941_06_c07: 1.417603985541814E8
1941_06_c08: 9.210469225439366E8
1941_06_c11: 8.179986687053952E7
1941_06_c12: 5.86758928923068E8
1941_06_c13: 5.86758928923068E8
1941_06_c14: 1.6298972538764185E10
1941_06_c15: 1.6270768630640625E10
1941_06_c16: 1.6270718268142872E10
1941_06_c17: 1.6270778806398733E10
1941_06_c18: 1.627077587890703E10
1941_06_c19: 1.6039301520720568E10
1941_06_c24: 1.8031936659356297E10
1941_06_c25: 1.8030188349259434E10
1941_06_c26: 1.8030413145165226E10
1941_06_c27: 1.803040874214772E10
1941_06_c28: 1.803039905063084E10
1941_06_c29: 1.7998509835289204E10
1941_06_c30: 1.8030180461038437E10
1941_06_c31: 1.8030180461038433E10
1941_06_c32: 1.8024146723132122E10
1941_06_c33: 1.8015541669497097E10
1941_06_c34: 1.8015541669497097E10
1941_06_c35: 1.8015541669497097E10
1941_06_c36: 1.8015541669497097E10
1941_06_c37: 1.8015541669497097E10
1941_06_c38: 1.801554166949705E10
1941_07_c03: -0.0
1941_07_c04: 2.197741977171273E10
1941_07_c05: 5.497894973121995E8
1941_07_c06: 2.4516817435433826E9
1941_07_c07: 1.3439366167849517E8
1941_07_c08: 6.323245063445785E8
1941_07_c11: 8.028248012981978E7
1941_07_c12: 5.199977738788565E8
1941_07_c13: 5.199977738788565E8
1941_07_c14: 1.5706630409441908E10
1941_07_c15: 1.5703939506129105E10
1941_07_c16: 1.570551065022207E10
1941_07_c17: 1.570508061694422E10
1941_07_c18: 1.5705336345504498E10
1941_07_c19: 1.5381190449867073E10
1941_07_c24: 1.750259370816389E10
1941_07_c25: 1.7505526809729824E10
1941_07_c26: 1.75053850467508E10
1941_07_c27: 1.750549661138967E10
1941_07_c28: 1.7505468891969696E10
1941_07_c29: 1.7487257984767563E10
1941_07_c30: 1.750590181824535E10
1941_07_c31: 1.750590181824535E10
1941_07_c32: 1.7505468891969696E10
1941_07_c33: 1.7505468891969696E10
1941_07_c34: 1.7505468891969696E10
1941_07_c35: 1.7505801110940384E10
1941_07_c36: 1.750785932915661E10
1941_07_c37: 1.7507859329156612E10
1941_07_c38: 1.7507259329156612E10
1941_08_c03: -0.0
1941_08_c04: 2.1875118587115723E10
1941_08_c05: 4.994306782354837E8
1941_08_c06: 2.4228220435341907E9
1941_08_c07: 1.2837975749130711E8
1941_08_c08: 4.95876384774731E8
1941_08_c11: 7.089546487715979E7
1941_08_c12: 5.161258603484312E8
1941_08_c13: 5.161258603484312E8
1941_08_c14: 1.5183736516856785E10
1941_08_c15: 1.5178947365187597E10
1941_08_c16: 1.5181916799337212E10
1941_08_c17: 1.5180608583726242E10
1941_08_c18: 1.5181344001448023E10
1941_08_c19: 1.5182111062367208E10
1941_08_c24: 1.7127121308317192E10
1941_08_c25: 1.7129250433954485E10
1941_08_c26: 1.7129222810207893E10
1941_08_c27: 1.7129254510867363E10
1941_08_c28: 1.7129237957568262E10
1941_08_c29: 1.7113162814325333E10
1941_08_c30: 1.71302008215996E10
1941_08_c31: 1.71302008215996E10
1941_08_c32: 1.7135255263135231E10
1941_08_c33: 1.7135246844974428E10
1941_08_c34: 1.7135246844974428E10
1941_08_c35: 1.7135689767917738E10
1941_08_c36: 1.7135689767917736E10
1941_08_c37: 1.7135689767917736E10
1941_08_c38: 1.7135689767917736E10
1941_09_c03: -0.0
1941_09_c04: 2.2516047107708103E10
1941_09_c05: 4.722127216458374E8
1941_09_c06: 2.488866234417137E9
1941_09_c07: 7.33626378884871E7
1941_09_c08: 4.1388639826828504E8
1941_09_c11: 6.974460178744152E7
1941_09_c12: 5.063048445838666E8
1941_09_c13: 5.063048445838666E8
1941_09_c14: 1.4737278514293736E10
1941_09_c15: 1.4739657973010422E10
1941_09_c16: 1.4740271519236181E10
1941_09_c17: 1.4739824743978357E10
1941_09_c18: 1.4740210255469542E10
1941_09_c19: 1.474026685978612E10
1941_09_c24: 1.6549023517662682E10
1941_09_c25: 1.6549702569486568E10
1941_09_c26: 1.6549804235307495E10
1941_09_c27: 1.6549774547334852E10
1941_09_c28: 1.6549804112363796E10
1941_09_c29: 1.6543184470955336E10
1941_09_c30: 1.6551619284050306E10
1941_09_c31: 1.6551619284050306E10
1941_09_c32: 1.6588149601919394E10
1941_09_c33: 1.6588419670054537E10
1941_09_c34: 1.6588419670054537E10
1941_09_c35: 1.6587743011127361E10
1941_09_c36: 1.6587743011127363E10
1941_09_c37: 1.6587743011127363E10
1941_09_c38: 1.658774301112736E10
1941_10_c03: -0.0
1941_10_c04: 2.168676001613409E10
1941_10_c05: 3.706072782192479E8
1941_10_c06: 2.4027917695391498E9
1941_10_c07: 6.562005986501181E7
1941_10_c08: 3.376823587016008E8
1941_10_c11: 6.562004672068149E7
1941_10_c12: 4.8259186690678036E8
1941_10_c13: 4.8259186690678036E8
1941_10_c14: 1.365347539228815E10
1941_10_c15: 1.3654390047853361E10
1941_10_c16: 1.3656327636488873E10
1941_10_c17: 1.3655604250122522E10
1941_10_c18: 1.3656117545130638E10
1941_10_c19: 1.3653659798850203E10
1941_10_c24: 1.5324619704462936E10
1941_10_c25: 1.5324002022117292E10
1941_10_c26: 1.5324120398853962E10
1941_10_c27: 1.5324068460676867E10
1941_10_c28: 1.5324130194792782E10
1941_10_c29: 1.5318364060481037E10
1941_10_c30: 1.5324409917783632E10
1941_10_c31: 1.532440991778363E10
1941_10_c32: 1.5342791429710066E10
1941_10_c33: 1.5342540313671345E10
1941_10_c34: 1.5342540313671343E10
1941_10_c35: 1.5342540313671343E10
1941_10_c36: 1.5343324571737127E10
1941_10_c37: 1.5319304656784492E10
1941_10_c38: 1.5343324571737082E10
1941_11_c03: -0.0
1941_11_c04: 2.2346654030874184E10
1941_11_c05: 3.5868601925579023E8
1941_11_c06: 2.477666694781538E9
1941_11_c07: 6.65090130105546E7
1941_11_c08: 3.334123158469968E8
1941_11_c11: 6.633217200769014E7
1941_11_c12: 4.9580389407702553E8
1941_11_c13: 4.9580389407702553E8
1941_11_c14: 1.3831864796918402E10
1941_11_c15: 1.3884827327073324E10
1941_11_c16: 1.3885660733845793E10
1941_11_c17: 1.3885695758086288E10
1941_11_c18: 1.3885700750568907E10
1941_11_c19: 1.3885117277481878E10
1941_11_c24: 1.565694219003634E10
1941_11_c25: 1.565663723249041E10
1941_11_c26: 1.5656895277400093E10
1941_11_c27: 1.565678266588604E10
1941_11_c28: 1.5656901604686043E10
1941_11_c29: 1.5655089887734388E10
1941_11_c30: 1.5657029746849838E10
1941_11_c31: 1.5657029746849838E10
1941_11_c32: 1.5654292555238081E10
1941_11_c33: 1.5654652555238077E10
1941_11_c34: 1.5654652555238077E10
1941_11_c35: 1.5654652555238081E10
1941_11_c36: 1.5654853346562943E10
1941_11_c37: 1.5654853346562943E10
1941_11_c38: 1.565485334656294E10
1941_12_c03: -0.0
1941_12_c04: 2.16952857236952E10
1941_12_c05: 3.342026775623232E8
1941_12_c06: 2.4034935506793265E9
1941_12_c07: 6.704812936664015E7
1941_12_c08: 3.3696826884676135E8
1941_12_c11: 6.410861089985205E7
1941_12_c12: 4.806235244305427E8
1941_12_c13: 4.806235244305427E8
1941_12_c14: 1.3311022721101002E10
1941_12_c15: 1.3295994555715822E10
1941_12_c16: 1.3307238801314272E10
1941_12_c17: 1.3304098625824728E10
1941_12_c18: 1.3307827146257658E10
1941_12_c19: 1.3307827146257658E10
1941_12_c24: 1.4865027028652596E10
1941_12_c25: 1.487148105629926E10
1941_12_c26: 1.4870881901764624E10
1941_12_c27: 1.4870995290593727E10
1941_12_c28: 1.4870963409218388E10
1941_12_c29: 1.4851955726977337E10
1941_12_c30: 1.4867957479903502E10
1941_12_c31: 1.4867957479903502E10
1941_12_c32: 1.4826716380660088E10
1941_12_c33: 1.482221828792212E10
1941_12_c34: 1.482221828792212E10
1941_12_c35: 1.482221828792212E10
1941_12_c36: 1.482221828792212E10
1941_12_c37: 1.482221828792212E10
1941_12_c38: 1.4822218287922117E10
